Arguments: 
  /Users/furkantanyol/.nvm/versions/node/v13.8.0/bin/node /Users/furkantanyol/.yarn/bin/yarn.js install

PATH: 
  /Users/furkantanyol/.rvm/gems/ruby-2.7.0/bin:/Users/furkantanyol/.rvm/gems/ruby-2.7.0@global/bin:/Users/furkantanyol/.rvm/rubies/ruby-2.7.0/bin:/Users/furkantanyol/.yarn/bin:/Users/furkantanyol/.config/yarn/global/node_modules/.bin:/Users/furkantanyol/.cargo/bin:/Users/furkantanyol/.nvm/versions/node/v13.8.0/bin:/Users/furkantanyol/.cargo/bin:/usr/local/bin:/usr/bin:/bin:/usr/sbin:/sbin:/Library/Apple/usr/bin:/Users/furkantanyol/WebstormProjects/tanyolweb/node_modules/.bin:/Users/furkantanyol/.rvm/bin

Yarn version: 
  1.22.4

Node version: 
  13.8.0

Platform: 
  darwin x64

Trace: 
  SyntaxError: /Users/furkantanyol/WebstormProjects/tanyolweb/package.json: Unexpected token } in JSON at position 728
      at JSON.parse (<anonymous>)
      at /Users/furkantanyol/.yarn/lib/cli.js:1625:59
      at Generator.next (<anonymous>)
      at step (/Users/furkantanyol/.yarn/lib/cli.js:310:30)
      at /Users/furkantanyol/.yarn/lib/cli.js:321:13

npm manifest: 
  {
    "name": "tanyolweb",
    "version": "1.0.0",
    "scripts": {
      "dev": "next",
      "build": "next build",
      "start": "next start",
      "typecheck": "tsc"
    },
    "dependencies": {
      "@zeit-ui/react": "^1.8.0-canary.4",
      "@zeit-ui/react-icons": "^1.3.0",
      "classnames": "2.2.6",
      "date-fns": "2.10.0",
      "gray-matter": "4.0.2",
      "next": "latest",
      "react": "^16.13.0",
      "react-dom": "^16.13.0",
      "remark": "11.0.2",
      "remark-html": "10.0.0",
      "typescript": "^3.9.2"
    },
    "devDependencies": {
      "@types/classnames": "^2.2.10",
      "@types/jest": "^25.2.2",
      "@types/node": "^14.0.1",
      "@types/react": "^16.9.35",
      "@types/react-dom": "^16.9.8",
      "postcss-preset-env": "^6.7.0",
    }
  }

yarn manifest: 
  No manifest

Lockfile: 
  No lockfile
